Build started 2015-11-10 15:49:11.
     1>Project "F:\Program\Git\pRasterRay\pThesis\pThesis.vcxproj" on node 2 (Build target(s)).
     1>FxCompile:
         C:\Program Files (x86)\Windows Kits\8.1\bin\x86\fxc.exe /nologo /E"main" /T ps_5_0 /Fo "F:\Program\Git\pRasterRay\pThesis\x64\Release\FinalOutputPS.cso" Assets\FinalOutputPS.hlsl 
         compilation object save succeeded; see F:\Program\Git\pRasterRay\pThesis\x64\Release\FinalOutputPS.cso
         C:\Program Files (x86)\Windows Kits\8.1\bin\x86\fxc.exe /nologo /E"main" /T vs_5_0 /Fo "F:\Program\Git\pRasterRay\pThesis\x64\Release\FinalOutputVS.cso" Assets\FinalOutputVS.hlsl 
         compilation object save succeeded; see F:\Program\Git\pRasterRay\pThesis\x64\Release\FinalOutputVS.cso
         C:\Program Files (x86)\Windows Kits\8.1\bin\x86\fxc.exe /nologo /E"main" /T cs_5_0 /Fo "F:\Program\Git\pRasterRay\pThesis\x64\Release\RCSinglePassVoxel.cso" Assets\RCSinglePassVoxel.hlsl 
         compilation object save succeeded; see F:\Program\Git\pRasterRay\pThesis\x64\Release\RCSinglePassVoxel.cso
         C:\Program Files (x86)\Windows Kits\8.1\bin\x86\fxc.exe /nologo /E"main" /T ps_5_0 /Fo "F:\Program\Git\pRasterRay\pThesis\x64\Release\pixelDebug.cso" Assets\Shaders\pixelDebug.hlsl 
         compilation object save succeeded; see F:\Program\Git\pRasterRay\pThesis\x64\Release\pixelDebug.cso
         C:\Program Files (x86)\Windows Kits\8.1\bin\x86\fxc.exe /nologo /E"main" /T gs_5_0 /Fo "F:\Program\Git\pRasterRay\pThesis\x64\Release\RasterNodeGS.cso" Assets\Shaders\RasterNodeGS.hlsl 
         compilation object save succeeded; see F:\Program\Git\pRasterRay\pThesis\x64\Release\RasterNodeGS.cso
         C:\Program Files (x86)\Windows Kits\8.1\bin\x86\fxc.exe /nologo /E"main" /T ps_5_0 /Fo "F:\Program\Git\pRasterRay\pThesis\x64\Release\RasterNodePS.cso" Assets\Shaders\RasterNodePS.hlsl 
         compilation object save succeeded; see F:\Program\Git\pRasterRay\pThesis\x64\Release\RasterNodePS.cso
         C:\Program Files (x86)\Windows Kits\8.1\bin\x86\fxc.exe /nologo /E"main" /T vs_5_0 /Fo "F:\Program\Git\pRasterRay\pThesis\x64\Release\RasterNodeVS.cso" Assets\Shaders\RasterNodeVS.hlsl 
         compilation object save succeeded; see F:\Program\Git\pRasterRay\pThesis\x64\Release\RasterNodeVS.cso
         C:\Program Files (x86)\Windows Kits\8.1\bin\x86\fxc.exe /nologo /E"main" /T vs_5_0 /Fo "F:\Program\Git\pRasterRay\pThesis\x64\Release\vertexDebug.cso" Assets\Shaders\vertexDebug.hlsl 
         compilation object save succeeded; see F:\Program\Git\pRasterRay\pThesis\x64\Release\vertexDebug.cso
       ClCompile:
         C:\MSVS\VS 2013\VC\bin\x86_amd64\CL.exe /c /IF:\Program\Git\pRasterRay\pThesis\include /Zi /nologo /W3 /WX- /sdl /O2 /Oi /GL /D _MBCS /Gm- /EHsc /MD /GS /Gy /fp:precise /Zc:wchar_t /Zc:forScope /Fo"x64\Release\\" /Fd"x64\Release\vc120.pdb" /Gd /TP /errorReport:prompt Application\DebugRenderer.cpp Application\SVO_Loader.cpp Application\VoxelApp.cpp CoreSystems\Core.cpp CoreSystems\DXDriver.cpp CoreSystems\Window.cpp Global\TimerQPC.cpp Global\XMCamera.cpp include\WICTextureLoader.cpp Render\BackBufferRender.cpp Render\Buffer.cpp Render\Culling.cpp Render\Rasterizer.cpp Render\RayCaster.cpp Render\RayTracer.cpp Render\RenderTarget.cpp Render\Render_Create.cpp Render\Shader.cpp Source.cpp
         DebugRenderer.cpp
         SVO_Loader.cpp
     1>f:\program\git\prasterray\pthesis\application\SVO_IO.h(48): warning C4267: 'initializing' : conversion from 'size_t' to 'int32_t', possible loss of data
     1>Application\SVO_Loader.cpp(62): warning C4244: 'argument' : conversion from 'uint64_t' to 'uint32_t', possible loss of data
     1>Application\SVO_Loader.cpp(63): warning C4018: '>' : signed/unsigned mismatch
     1>Application\SVO_Loader.cpp(64): warning C4018: '>' : signed/unsigned mismatch
     1>Application\SVO_Loader.cpp(65): warning C4018: '>' : signed/unsigned mismatch
     1>Application\SVO_Loader.cpp(159): warning C4244: 'initializing' : conversion from 'uint64_t' to 'uint32_t', possible loss of data
         VoxelApp.cpp
     1>f:\program\git\prasterray\pthesis\global\TCamera.h(75): warning C4244: 'argument' : conversion from 'const float' to 'uint', possible loss of data
     1>f:\program\git\prasterray\pthesis\application\SVO_IO.h(48): warning C4267: 'initializing' : conversion from 'size_t' to 'int32_t', possible loss of data
     1>f:\program\git\prasterray\pthesis\application\MarchingCubes.h(386): warning C4244: 'argument' : conversion from 'double' to 'float', possible loss of data
     1>f:\program\git\prasterray\pthesis\application\SVO.h(178): warning C4129: ' ' : unrecognized character escape sequence
     1>Application\VoxelApp.cpp(35): warning C4800: 'BOOL' : forcing value to bool 'true' or 'false' (performance warning)
     1>Application\VoxelApp.cpp(45): warning C4244: 'return' : conversion from 'int' to 'float', possible loss of data
     1>Application\VoxelApp.cpp(223): warning C4267: 'initializing' : conversion from 'size_t' to 'int', possible loss of data
     1>Application\VoxelApp.cpp(280): warning C4267: 'initializing' : conversion from 'size_t' to 'uint32_t', possible loss of data
     1>Application\VoxelApp.cpp(288): warning C4244: 'argument' : conversion from 'uint32_t' to 'float', possible loss of data
     1>Application\VoxelApp.cpp(337): warning C4267: '=' : conversion from 'size_t' to 'uint32_t', possible loss of data
     1>Application\VoxelApp.cpp(545): warning C4244: 'argument' : conversion from 'uint' to 'FLOAT', possible loss of data
     1>Application\VoxelApp.cpp(550): warning C4244: 'argument' : conversion from 'uint' to 'FLOAT', possible loss of data
     1>Application\VoxelApp.cpp(644): warning C4244: 'initializing' : conversion from 'int' to 'float', possible loss of data
     1>Application\VoxelApp.cpp(652): warning C4244: 'argument' : conversion from 'uint' to 'float', possible loss of data
     1>Application\VoxelApp.cpp(741): warning C4244: 'initializing' : conversion from 'double' to 'float', possible loss of data
     1>Application\VoxelApp.cpp(750): warning C4305: 'argument' : truncation from 'double' to 'const float'
     1>Application\VoxelApp.cpp(754): warning C4244: 'initializing' : conversion from 'double' to 'float', possible loss of data
     1>f:\program\git\prasterray\pthesis\coresystems\../Utils/Vector_Util.h(141): warning C4244: 'argument' : conversion from 'double' to 'float', possible loss of data
                 f:\program\git\prasterray\pthesis\coresystems\../Utils/Vector_Util.h(141) : while compiling class template member function 'VECTOR::VEC3<float> VECTOR::VEC3<float>::operator /(const T &)'
                 with
                 [
                     T=float
                 ]
                 Application\VoxelApp.cpp(288) : see reference to function template instantiation 'VECTOR::VEC3<float> VECTOR::VEC3<float>::operator /(const T &)' being compiled
                 with
                 [
                     T=float
                 ]
                 f:\program\git\prasterray\pthesis\coresystems\CoreStd.h(98) : see reference to class template instantiation 'VECTOR::VEC3<float>' being compiled
     1>f:\program\git\prasterray\pthesis\application\SVO.h(46): warning C4267: 'initializing' : conversion from 'size_t' to 'uint32_t', possible loss of data
                 f:\program\git\prasterray\pthesis\application\SVO.h(40) : while compiling class template member function 'bool SparseVoxelOctree<VOXEL::NC>::CreateSVO(const std::string &)'
                 Application\VoxelApp.cpp(230) : see reference to function template instantiation 'bool SparseVoxelOctree<VOXEL::NC>::CreateSVO(const std::string &)' being compiled
                 f:\program\git\prasterray\pthesis\application\VoxelApp.h(75) : see reference to class template instantiation 'SparseVoxelOctree<VOXEL::NC>' being compiled
     1>f:\program\git\prasterray\pthesis\application\SVO.h(54): warning C4018: '<' : signed/unsigned mismatch
     1>f:\program\git\prasterray\pthesis\application\SVO.h(58): warning C4018: '<' : signed/unsigned mismatch
     1>f:\program\git\prasterray\pthesis\application\SVO.h(74): warning C4267: 'initializing' : conversion from 'size_t' to 'int', possible loss of data
     1>f:\program\git\prasterray\pthesis\application\SVO.h(75): warning C4267: 'initializing' : conversion from 'size_t' to 'int', possible loss of data
     1>f:\program\git\prasterray\pthesis\application\SVO.h(121): warning C4244: 'argument' : conversion from 'uint64_t' to 'uint32_t', possible loss of data
                 f:\program\git\prasterray\pthesis\application\SVO.h(114) : while compiling class template member function 'void SparseVoxelOctree<VOXEL::NC>::GetSVO(VOXEL::TNode &,std::vector<VOXEL::GPU_Voxel<VOXEL::NC>,std::allocator<_Ty>> &,int)'
                 with
                 [
                     _Ty=VOXEL::GPU_Voxel<VOXEL::NC>
                 ]
                 Application\VoxelApp.cpp(238) : see reference to function template instantiation 'void SparseVoxelOctree<VOXEL::NC>::GetSVO(VOXEL::TNode &,std::vector<VOXEL::GPU_Voxel<VOXEL::NC>,std::allocator<_Ty>> &,int)' being compiled
                 with
                 [
                     _Ty=VOXEL::GPU_Voxel<VOXEL::NC>
                 ]
     1>f:\program\git\prasterray\pthesis\application\SVO.h(149): warning C4018: '<' : signed/unsigned mismatch
                 f:\program\git\prasterray\pthesis\application\SVO.h(146) : while compiling class template member function 'void SparseVoxelOctree<VOXEL::NC>::GetCell(const VOXEL::TNode &,CELL &,int)'
                 Application\VoxelApp.cpp(243) : see reference to function template instantiation 'void SparseVoxelOctree<VOXEL::NC>::GetCell(const VOXEL::TNode &,CELL &,int)' being compiled
     1>f:\program\git\prasterray\pthesis\application\SVO.h(151): warning C4018: '<' : signed/unsigned mismatch
     1>f:\program\git\prasterray\pthesis\application\SVO.h(156): warning C4244: 'argument' : conversion from 'int' to 'float', possible loss of data
     1>f:\program\git\prasterray\pthesis\application\SVO.h(156): warning C4244: 'argument' : conversion from 'uint32_t' to 'float', possible loss of data
     1>f:\program\git\prasterray\pthesis\application\SVO.h(157): warning C4244: 'argument' : conversion from 'int' to 'float', possible loss of data
     1>f:\program\git\prasterray\pthesis\application\SVO.h(157): warning C4244: 'argument' : conversion from 'uint32_t' to 'float', possible loss of data
     1>f:\program\git\prasterray\pthesis\application\SVO.h(158): warning C4244: 'argument' : conversion from 'int' to 'float', possible loss of data
     1>f:\program\git\prasterray\pthesis\application\SVO.h(158): warning C4244: 'argument' : conversion from 'uint32_t' to 'float', possible loss of data
     1>f:\program\git\prasterray\pthesis\application\SVO.h(159): warning C4244: 'argument' : conversion from 'int' to 'float', possible loss of data
     1>f:\program\git\prasterray\pthesis\application\SVO.h(159): warning C4244: 'argument' : conversion from 'uint32_t' to 'float', possible loss of data
         Core.cpp
         DXDriver.cpp
     1>f:\program\git\prasterray\pthesis\coresystems\DXDescs.h(143): warning C4101: 'stringLength' : unreferenced local variable
         Window.cpp
         TimerQPC.cpp
         XMCamera.cpp
         WICTextureLoader.cpp
         BackBufferRender.cpp
         Buffer.cpp
     1>f:\program\git\prasterray\pthesis\render\D3DBufferUtility.h(35): warning C4267: '=' : conversion from 'size_t' to 'UINT', possible loss of data
     1>f:\program\git\prasterray\pthesis\render\D3DBufferUtility.h(71): warning C4267: '=' : conversion from 'size_t' to 'UINT', possible loss of data
     1>Render\Buffer.cpp(132): warning C4267: '=' : conversion from 'size_t' to 'uint32_t', possible loss of data
         Culling.cpp
     1>Render\Culling.cpp(180): warning C4244: 'initializing' : conversion from 'double' to 'uint32_t', possible loss of data
     1>Render\Culling.cpp(182): warning C4244: 'argument' : conversion from 'uint32_t' to 'float', possible loss of data
     1>Render\Culling.cpp(199): warning C4244: 'argument' : conversion from 'double' to 'const float', possible loss of data
     1>Render\Culling.cpp(210): warning C4244: 'initializing' : conversion from 'double' to 'uint32_t', possible loss of data
     1>Render\Culling.cpp(212): warning C4244: 'argument' : conversion from 'uint32_t' to 'float', possible loss of data
         Rasterizer.cpp
         RayCaster.cpp
         RayTracer.cpp
         RenderTarget.cpp
         Render_Create.cpp
     1>Render\Render_Create.cpp(107): warning C4267: 'argument' : conversion from 'size_t' to 'UINT', possible loss of data
         Shader.cpp
         Source.cpp
     1>f:\program\git\prasterray\pthesis\global\TCamera.h(75): warning C4244: 'argument' : conversion from 'const float' to 'uint', possible loss of data
     1>f:\program\git\prasterray\pthesis\application\SVO_IO.h(48): warning C4267: 'initializing' : conversion from 'size_t' to 'int32_t', possible loss of data
     1>f:\program\git\prasterray\pthesis\application\MarchingCubes.h(386): warning C4244: 'argument' : conversion from 'double' to 'float', possible loss of data
     1>f:\program\git\prasterray\pthesis\application\SVO.h(178): warning C4129: ' ' : unrecognized character escape sequence
       Link:
         C:\MSVS\VS 2013\VC\bin\x86_amd64\link.exe /ERRORREPORT:PROMPT /OUT:"F:\Program\Git\pRasterRay\pThesis\x64\Release\pThesis.exe" /NOLOGO kernel32.lib user32.lib gdi32.lib winspool.lib comdlg32.lib advapi32.lib shell32.lib ole32.lib oleaut32.lib uuid.lib odbc32.lib odbccp32.lib /MANIFEST /MANIFESTUAC:"level='asInvoker' uiAccess='false'" /manifest:embed /DEBUG /PDB:"F:\Program\Git\pRasterRay\pThesis\x64\Release\pThesis.pdb" /OPT:REF /OPT:ICF /LTCG /TLBID:1 /DYNAMICBASE /NXCOMPAT /IMPLIB:"F:\Program\Git\pRasterRay\pThesis\x64\Release\pThesis.lib" /MACHINE:X64 x64\Release\DebugRenderer.obj
         x64\Release\SVO_Loader.obj
         x64\Release\VoxelApp.obj
         x64\Release\Core.obj
         x64\Release\DXDriver.obj
         x64\Release\Window.obj
         x64\Release\TimerQPC.obj
         x64\Release\XMCamera.obj
         x64\Release\WICTextureLoader.obj
         x64\Release\BackBufferRender.obj
         x64\Release\Buffer.obj
         x64\Release\Culling.obj
         x64\Release\Rasterizer.obj
         x64\Release\RayCaster.obj
         x64\Release\RayTracer.obj
         x64\Release\RenderTarget.obj
         x64\Release\Render_Create.obj
         x64\Release\Shader.obj
         x64\Release\Source.obj
     1>VoxelApp.obj : error LNK2001: unresolved external symbol __imp_GPA_Initialize
     1>F:\Program\Git\pRasterRay\pThesis\x64\Release\pThesis.exe : fatal error LNK1120: 1 unresolved externals
     1>Done Building Project "F:\Program\Git\pRasterRay\pThesis\pThesis.vcxproj" (Build target(s)) -- FAILED.

Build FAILED.

Time Elapsed 00:00:24.78
